SF:lib/main.dart
DA:5,0
DA:6,0
DA:10,2
DA:12,1
DA:14,1
DA:15,1
DA:17,1
LF:7
LH:5
end_of_record
SF:lib/ui/home_page.dart
DA:10,1
DA:12,1
DA:14,1
DA:15,1
DA:18,1
DA:19,1
DA:21,1
DA:23,1
DA:26,1
DA:27,1
DA:28,3
DA:29,2
DA:30,2
LF:13
LH:13
end_of_record
SF:lib/ui/name_page.dart
DA:7,1
DA:12,1
DA:14,1
DA:16,1
DA:17,1
DA:20,1
DA:22,1
DA:23,1
DA:25,1
DA:29,2
DA:32,1
DA:34,1
DA:35,4
DA:36,2
LF:14
LH:14
end_of_record
SF:lib/logic/current_date/local_current_date_service.dart
DA:5,4
DA:6,1
DA:10,1
DA:11,1
LF:4
LH:4
end_of_record
SF:lib/logic/time_of_day/time_of_day_provider.dart
DA:4,4
DA:5,1
DA:6,2
DA:13,1
DA:14,1
DA:15,3
DA:16,2
DA:17,0
DA:18,0
LF:9
LH:7
end_of_record
SF:lib/logic/user/memory_user_repository.dart
DA:4,4
DA:5,1
DA:10,1
DA:12,1
DA:13,1
DA:16,1
DA:18,1
DA:19,1
LF:8
LH:8
end_of_record
SF:lib/logic/user_greeting/user_greeting_provider.dart
DA:6,4
DA:7,1
DA:8,2
DA:9,2
DA:17,1
DA:22,1
DA:23,2
DA:24,1
DA:27,1
DA:28,1
DA:30,1
DA:31,1
DA:33,2
DA:34,1
LF:14
LH:14
end_of_record
SF:lib/ui/greeting_widget.dart
DA:5,4
DA:6,3
DA:10,1
DA:12,1
DA:14,2
DA:16,1
DA:17,2
DA:18,1
DA:23,1
DA:30,1
DA:33,0
LF:11
LH:10
end_of_record
